<?xml version="1.0" encoding="UTF-8"?>
<testng-results skipped="0" failed="1" ignored="0" total="3" passed="2">
  <reporter-output>
    <line>
      <![CDATA[Api Status is 200]]>
    </line>
    <line>
      <![CDATA[Post Employee data api response is {"status":"success","data":[{"id":"1","employee_name":"Tiger Nixon","employee_salary":"320800","employee_age":"61","profile_image":""},{"id":"2","employee_name":"Garrett Winters","employee_salary":"170750","employee_age":"63","profile_image":""},{"id":"3","employee_name":"Ashton Cox","employee_salary":"86000","employee_age":"66","profile_image":""},{"id":"4","employee_name":"Cedric Kelly","employee_salary":"433060","employee_age":"22","profile_image":""},{"id":"5","employee_name":"Airi Satou","employee_salary":"162700","employee_age":"33","profile_image":""},{"id":"6","employee_name":"Brielle Williamson","employee_salary":"372000","employee_age":"61","profile_image":""},{"id":"7","employee_name":"Herrod Chandler","employee_salary":"137500","employee_age":"59","profile_image":""},{"id":"8","employee_name":"Rhona Davidson","employee_salary":"327900","employee_age":"55","profile_image":""},{"id":"9","employee_name":"Colleen Hurst","employee_salary":"205500","employee_age":"39","profile_image":""},{"id":"10","employee_name":"Sonya Frost","employee_salary":"103600","employee_age":"23","profile_image":""},{"id":"11","employee_name":"Jena Gaines","employee_salary":"90560","employee_age":"30","profile_image":""},{"id":"12","employee_name":"Quinn Flynn","employee_salary":"342000","employee_age":"22","profile_image":""},{"id":"13","employee_name":"Charde Marshall","employee_salary":"470600","employee_age":"36","profile_image":""},{"id":"14","employee_name":"Haley Kennedy","employee_salary":"313500","employee_age":"43","profile_image":""},{"id":"15","employee_name":"Tatyana Fitzpatrick","employee_salary":"385750","employee_age":"19","profile_image":""},{"id":"16","employee_name":"Michael Silva","employee_salary":"198500","employee_age":"66","profile_image":""},{"id":"17","employee_name":"Paul Byrd","employee_salary":"725000","employee_age":"64","profile_image":""},{"id":"18","employee_name":"Gloria Little","employee_salary":"237500","employee_age":"59","profile_image":""},{"id":"19","employee_name":"Bradley Greer","employee_salary":"132000","employee_age":"41","profile_image":""},{"id":"20","employee_name":"Dai Rios","employee_salary":"217500","employee_age":"35","profile_image":""},{"id":"21","employee_name":"Jenette Caldwell","employee_salary":"345000","employee_age":"30","profile_image":""},{"id":"22","employee_name":"Yuri Berry","employee_salary":"675000","employee_age":"40","profile_image":""},{"id":"23","employee_name":"Caesar Vance","employee_salary":"106450","employee_age":"21","profile_image":""},{"id":"24","employee_name":"Doris Wilder","employee_salary":"85600","employee_age":"23","profile_image":""}]}]]>
    </line>
    <line>
      <![CDATA[Get user api response data ]]>
    </line>
    <line>
      <![CDATA[Get All employee response time is : 3740]]>
    </line>
    <line>
      <![CDATA[Tiger Nixon]]>
    </line>
    <line>
      <![CDATA[61]]>
    </line>
    <line>
      <![CDATA[320800]]>
    </line>
    <line>
      <![CDATA[1]]>
    </line>
    <line>
      <![CDATA[Garrett Winters]]>
    </line>
    <line>
      <![CDATA[63]]>
    </line>
    <line>
      <![CDATA[170750]]>
    </line>
    <line>
      <![CDATA[2]]>
    </line>
    <line>
      <![CDATA[Ashton Cox]]>
    </line>
    <line>
      <![CDATA[66]]>
    </line>
    <line>
      <![CDATA[86000]]>
    </line>
    <line>
      <![CDATA[3]]>
    </line>
    <line>
      <![CDATA[Cedric Kelly]]>
    </line>
    <line>
      <![CDATA[22]]>
    </line>
    <line>
      <![CDATA[433060]]>
    </line>
    <line>
      <![CDATA[4]]>
    </line>
    <line>
      <![CDATA[Airi Satou]]>
    </line>
    <line>
      <![CDATA[33]]>
    </line>
    <line>
      <![CDATA[162700]]>
    </line>
    <line>
      <![CDATA[5]]>
    </line>
    <line>
      <![CDATA[Brielle Williamson]]>
    </line>
    <line>
      <![CDATA[61]]>
    </line>
    <line>
      <![CDATA[372000]]>
    </line>
    <line>
      <![CDATA[6]]>
    </line>
    <line>
      <![CDATA[Herrod Chandler]]>
    </line>
    <line>
      <![CDATA[59]]>
    </line>
    <line>
      <![CDATA[137500]]>
    </line>
    <line>
      <![CDATA[7]]>
    </line>
    <line>
      <![CDATA[Rhona Davidson]]>
    </line>
    <line>
      <![CDATA[55]]>
    </line>
    <line>
      <![CDATA[327900]]>
    </line>
    <line>
      <![CDATA[8]]>
    </line>
    <line>
      <![CDATA[Colleen Hurst]]>
    </line>
    <line>
      <![CDATA[39]]>
    </line>
    <line>
      <![CDATA[205500]]>
    </line>
    <line>
      <![CDATA[9]]>
    </line>
    <line>
      <![CDATA[Sonya Frost]]>
    </line>
    <line>
      <![CDATA[23]]>
    </line>
    <line>
      <![CDATA[103600]]>
    </line>
    <line>
      <![CDATA[10]]>
    </line>
    <line>
      <![CDATA[Jena Gaines]]>
    </line>
    <line>
      <![CDATA[30]]>
    </line>
    <line>
      <![CDATA[90560]]>
    </line>
    <line>
      <![CDATA[11]]>
    </line>
    <line>
      <![CDATA[Quinn Flynn]]>
    </line>
    <line>
      <![CDATA[22]]>
    </line>
    <line>
      <![CDATA[342000]]>
    </line>
    <line>
      <![CDATA[12]]>
    </line>
    <line>
      <![CDATA[Charde Marshall]]>
    </line>
    <line>
      <![CDATA[36]]>
    </line>
    <line>
      <![CDATA[470600]]>
    </line>
    <line>
      <![CDATA[13]]>
    </line>
    <line>
      <![CDATA[Haley Kennedy]]>
    </line>
    <line>
      <![CDATA[43]]>
    </line>
    <line>
      <![CDATA[313500]]>
    </line>
    <line>
      <![CDATA[14]]>
    </line>
    <line>
      <![CDATA[Tatyana Fitzpatrick]]>
    </line>
    <line>
      <![CDATA[19]]>
    </line>
    <line>
      <![CDATA[385750]]>
    </line>
    <line>
      <![CDATA[15]]>
    </line>
    <line>
      <![CDATA[Michael Silva]]>
    </line>
    <line>
      <![CDATA[66]]>
    </line>
    <line>
      <![CDATA[198500]]>
    </line>
    <line>
      <![CDATA[16]]>
    </line>
    <line>
      <![CDATA[Paul Byrd]]>
    </line>
    <line>
      <![CDATA[64]]>
    </line>
    <line>
      <![CDATA[725000]]>
    </line>
    <line>
      <![CDATA[17]]>
    </line>
    <line>
      <![CDATA[Gloria Little]]>
    </line>
    <line>
      <![CDATA[59]]>
    </line>
    <line>
      <![CDATA[237500]]>
    </line>
    <line>
      <![CDATA[18]]>
    </line>
    <line>
      <![CDATA[Bradley Greer]]>
    </line>
    <line>
      <![CDATA[41]]>
    </line>
    <line>
      <![CDATA[132000]]>
    </line>
    <line>
      <![CDATA[19]]>
    </line>
    <line>
      <![CDATA[Dai Rios]]>
    </line>
    <line>
      <![CDATA[35]]>
    </line>
    <line>
      <![CDATA[217500]]>
    </line>
    <line>
      <![CDATA[20]]>
    </line>
    <line>
      <![CDATA[Jenette Caldwell]]>
    </line>
    <line>
      <![CDATA[30]]>
    </line>
    <line>
      <![CDATA[345000]]>
    </line>
    <line>
      <![CDATA[21]]>
    </line>
    <line>
      <![CDATA[Yuri Berry]]>
    </line>
    <line>
      <![CDATA[40]]>
    </line>
    <line>
      <![CDATA[675000]]>
    </line>
    <line>
      <![CDATA[22]]>
    </line>
    <line>
      <![CDATA[Caesar Vance]]>
    </line>
    <line>
      <![CDATA[21]]>
    </line>
    <line>
      <![CDATA[106450]]>
    </line>
    <line>
      <![CDATA[23]]>
    </line>
    <line>
      <![CDATA[Doris Wilder]]>
    </line>
    <line>
      <![CDATA[23]]>
    </line>
    <line>
      <![CDATA[85600]]>
    </line>
    <line>
      <![CDATA[24]]>
    </line>
    <line>
      <![CDATA[Api Status is 200]]>
    </line>
    <line>
      <![CDATA[Post Employee data api response is {"status":"success","data":{"name":"John","salary":"38000","age":"20","id":46}}]]>
    </line>
    <line>
      <![CDATA[Post user api response isPostEmployeeDataRoot(status=success, data=PostEmployeeData(name=John, salary=38000, age=20, id=46))]]>
    </line>
    <line>
      <![CDATA[Post employee api test is pass]]>
    </line>
    <line>
      <![CDATA[Update Api URL http://dummy.restapiexample.com/api/v1/update/3]]>
    </line>
    <line>
      <![CDATA[Api Status is 200]]>
    </line>
    <line>
      <![CDATA[Update Employee data api response is {"status":"success","data":null}]]>
    </line>
    <line>
      <![CDATA[Post user api response isUpdateEmployeeDataRoot(data=null, status=success)]]>
    </line>
  </reporter-output>
  <suite name="Gradle suite" duration-ms="11301" started-at="2020-06-12T09:32:56Z" finished-at="2020-06-12T09:33:07Z">
    <groups>
    </groups>
    <test name="Gradle test" duration-ms="11301" started-at="2020-06-12T09:32:56Z" finished-at="2020-06-12T09:33:07Z">
      <class name="EmployeesApiTests.DummyRestEmployeesApiTest">
        <test-method status="PASS" signature="validateGetEmployeesApi()[pri:0, instance:EmployeesApiTests.DummyRestEmployeesApiTest@50faade9]" name="validateGetEmployeesApi" duration-ms="8648" started-at="2020-06-12T09:32:56Z" finished-at="2020-06-12T09:33:05Z">
          <reporter-output>
            <line>
              <![CDATA[Api Status is 200]]>
            </line>
            <line>
              <![CDATA[Post Employee data api response is {"status":"success","data":[{"id":"1","employee_name":"Tiger Nixon","employee_salary":"320800","employee_age":"61","profile_image":""},{"id":"2","employee_name":"Garrett Winters","employee_salary":"170750","employee_age":"63","profile_image":""},{"id":"3","employee_name":"Ashton Cox","employee_salary":"86000","employee_age":"66","profile_image":""},{"id":"4","employee_name":"Cedric Kelly","employee_salary":"433060","employee_age":"22","profile_image":""},{"id":"5","employee_name":"Airi Satou","employee_salary":"162700","employee_age":"33","profile_image":""},{"id":"6","employee_name":"Brielle Williamson","employee_salary":"372000","employee_age":"61","profile_image":""},{"id":"7","employee_name":"Herrod Chandler","employee_salary":"137500","employee_age":"59","profile_image":""},{"id":"8","employee_name":"Rhona Davidson","employee_salary":"327900","employee_age":"55","profile_image":""},{"id":"9","employee_name":"Colleen Hurst","employee_salary":"205500","employee_age":"39","profile_image":""},{"id":"10","employee_name":"Sonya Frost","employee_salary":"103600","employee_age":"23","profile_image":""},{"id":"11","employee_name":"Jena Gaines","employee_salary":"90560","employee_age":"30","profile_image":""},{"id":"12","employee_name":"Quinn Flynn","employee_salary":"342000","employee_age":"22","profile_image":""},{"id":"13","employee_name":"Charde Marshall","employee_salary":"470600","employee_age":"36","profile_image":""},{"id":"14","employee_name":"Haley Kennedy","employee_salary":"313500","employee_age":"43","profile_image":""},{"id":"15","employee_name":"Tatyana Fitzpatrick","employee_salary":"385750","employee_age":"19","profile_image":""},{"id":"16","employee_name":"Michael Silva","employee_salary":"198500","employee_age":"66","profile_image":""},{"id":"17","employee_name":"Paul Byrd","employee_salary":"725000","employee_age":"64","profile_image":""},{"id":"18","employee_name":"Gloria Little","employee_salary":"237500","employee_age":"59","profile_image":""},{"id":"19","employee_name":"Bradley Greer","employee_salary":"132000","employee_age":"41","profile_image":""},{"id":"20","employee_name":"Dai Rios","employee_salary":"217500","employee_age":"35","profile_image":""},{"id":"21","employee_name":"Jenette Caldwell","employee_salary":"345000","employee_age":"30","profile_image":""},{"id":"22","employee_name":"Yuri Berry","employee_salary":"675000","employee_age":"40","profile_image":""},{"id":"23","employee_name":"Caesar Vance","employee_salary":"106450","employee_age":"21","profile_image":""},{"id":"24","employee_name":"Doris Wilder","employee_salary":"85600","employee_age":"23","profile_image":""}]}]]>
            </line>
            <line>
              <![CDATA[Get user api response data ]]>
            </line>
            <line>
              <![CDATA[Get All employee response time is : 3740]]>
            </line>
            <line>
              <![CDATA[Tiger Nixon]]>
            </line>
            <line>
              <![CDATA[61]]>
            </line>
            <line>
              <![CDATA[320800]]>
            </line>
            <line>
              <![CDATA[1]]>
            </line>
            <line>
              <![CDATA[Garrett Winters]]>
            </line>
            <line>
              <![CDATA[63]]>
            </line>
            <line>
              <![CDATA[170750]]>
            </line>
            <line>
              <![CDATA[2]]>
            </line>
            <line>
              <![CDATA[Ashton Cox]]>
            </line>
            <line>
              <![CDATA[66]]>
            </line>
            <line>
              <![CDATA[86000]]>
            </line>
            <line>
              <![CDATA[3]]>
            </line>
            <line>
              <![CDATA[Cedric Kelly]]>
            </line>
            <line>
              <![CDATA[22]]>
            </line>
            <line>
              <![CDATA[433060]]>
            </line>
            <line>
              <![CDATA[4]]>
            </line>
            <line>
              <![CDATA[Airi Satou]]>
            </line>
            <line>
              <![CDATA[33]]>
            </line>
            <line>
              <![CDATA[162700]]>
            </line>
            <line>
              <![CDATA[5]]>
            </line>
            <line>
              <![CDATA[Brielle Williamson]]>
            </line>
            <line>
              <![CDATA[61]]>
            </line>
            <line>
              <![CDATA[372000]]>
            </line>
            <line>
              <![CDATA[6]]>
            </line>
            <line>
              <![CDATA[Herrod Chandler]]>
            </line>
            <line>
              <![CDATA[59]]>
            </line>
            <line>
              <![CDATA[137500]]>
            </line>
            <line>
              <![CDATA[7]]>
            </line>
            <line>
              <![CDATA[Rhona Davidson]]>
            </line>
            <line>
              <![CDATA[55]]>
            </line>
            <line>
              <![CDATA[327900]]>
            </line>
            <line>
              <![CDATA[8]]>
            </line>
            <line>
              <![CDATA[Colleen Hurst]]>
            </line>
            <line>
              <![CDATA[39]]>
            </line>
            <line>
              <![CDATA[205500]]>
            </line>
            <line>
              <![CDATA[9]]>
            </line>
            <line>
              <![CDATA[Sonya Frost]]>
            </line>
            <line>
              <![CDATA[23]]>
            </line>
            <line>
              <![CDATA[103600]]>
            </line>
            <line>
              <![CDATA[10]]>
            </line>
            <line>
              <![CDATA[Jena Gaines]]>
            </line>
            <line>
              <![CDATA[30]]>
            </line>
            <line>
              <![CDATA[90560]]>
            </line>
            <line>
              <![CDATA[11]]>
            </line>
            <line>
              <![CDATA[Quinn Flynn]]>
            </line>
            <line>
              <![CDATA[22]]>
            </line>
            <line>
              <![CDATA[342000]]>
            </line>
            <line>
              <![CDATA[12]]>
            </line>
            <line>
              <![CDATA[Charde Marshall]]>
            </line>
            <line>
              <![CDATA[36]]>
            </line>
            <line>
              <![CDATA[470600]]>
            </line>
            <line>
              <![CDATA[13]]>
            </line>
            <line>
              <![CDATA[Haley Kennedy]]>
            </line>
            <line>
              <![CDATA[43]]>
            </line>
            <line>
              <![CDATA[313500]]>
            </line>
            <line>
              <![CDATA[14]]>
            </line>
            <line>
              <![CDATA[Tatyana Fitzpatrick]]>
            </line>
            <line>
              <![CDATA[19]]>
            </line>
            <line>
              <![CDATA[385750]]>
            </line>
            <line>
              <![CDATA[15]]>
            </line>
            <line>
              <![CDATA[Michael Silva]]>
            </line>
            <line>
              <![CDATA[66]]>
            </line>
            <line>
              <![CDATA[198500]]>
            </line>
            <line>
              <![CDATA[16]]>
            </line>
            <line>
              <![CDATA[Paul Byrd]]>
            </line>
            <line>
              <![CDATA[64]]>
            </line>
            <line>
              <![CDATA[725000]]>
            </line>
            <line>
              <![CDATA[17]]>
            </line>
            <line>
              <![CDATA[Gloria Little]]>
            </line>
            <line>
              <![CDATA[59]]>
            </line>
            <line>
              <![CDATA[237500]]>
            </line>
            <line>
              <![CDATA[18]]>
            </line>
            <line>
              <![CDATA[Bradley Greer]]>
            </line>
            <line>
              <![CDATA[41]]>
            </line>
            <line>
              <![CDATA[132000]]>
            </line>
            <line>
              <![CDATA[19]]>
            </line>
            <line>
              <![CDATA[Dai Rios]]>
            </line>
            <line>
              <![CDATA[35]]>
            </line>
            <line>
              <![CDATA[217500]]>
            </line>
            <line>
              <![CDATA[20]]>
            </line>
            <line>
              <![CDATA[Jenette Caldwell]]>
            </line>
            <line>
              <![CDATA[30]]>
            </line>
            <line>
              <![CDATA[345000]]>
            </line>
            <line>
              <![CDATA[21]]>
            </line>
            <line>
              <![CDATA[Yuri Berry]]>
            </line>
            <line>
              <![CDATA[40]]>
            </line>
            <line>
              <![CDATA[675000]]>
            </line>
            <line>
              <![CDATA[22]]>
            </line>
            <line>
              <![CDATA[Caesar Vance]]>
            </line>
            <line>
              <![CDATA[21]]>
            </line>
            <line>
              <![CDATA[106450]]>
            </line>
            <line>
              <![CDATA[23]]>
            </line>
            <line>
              <![CDATA[Doris Wilder]]>
            </line>
            <line>
              <![CDATA[23]]>
            </line>
            <line>
              <![CDATA[85600]]>
            </line>
            <line>
              <![CDATA[24]]>
            </line>
          </reporter-output>
        </test-method> <!-- validateGetEmployeesApi -->
        <test-method status="PASS" signature="validatePostEmployeeApi(java.lang.String, java.lang.String, java.lang.String)[pri:0, instance:EmployeesApiTests.DummyRestEmployeesApiTest@50faade9]" name="validatePostEmployeeApi" duration-ms="1399" started-at="2020-06-12T09:33:05Z" data-provider="postEmployeeApiData" finished-at="2020-06-12T09:33:06Z">
          <params>
            <param index="0">
              <value>
                <![CDATA[John]]>
              </value>
            </param>
            <param index="1">
              <value>
                <![CDATA[20]]>
              </value>
            </param>
            <param index="2">
              <value>
                <![CDATA[38000]]>
              </value>
            </param>
          </params>
          <reporter-output>
            <line>
              <![CDATA[Api Status is 200]]>
            </line>
            <line>
              <![CDATA[Post Employee data api response is {"status":"success","data":{"name":"John","salary":"38000","age":"20","id":46}}]]>
            </line>
            <line>
              <![CDATA[Post user api response isPostEmployeeDataRoot(status=success, data=PostEmployeeData(name=John, salary=38000, age=20, id=46))]]>
            </line>
            <line>
              <![CDATA[Post employee api test is pass]]>
            </line>
          </reporter-output>
        </test-method> <!-- validatePostEmployeeApi -->
        <test-method status="FAIL" signature="validateUpdateEmployeeApi(java.lang.String, java.lang.String, java.lang.String)[pri:0, instance:EmployeesApiTests.DummyRestEmployeesApiTest@50faade9]" name="validateUpdateEmployeeApi" duration-ms="1171" started-at="2020-06-12T09:33:06Z" data-provider="postEmployeeApiData" finished-at="2020-06-12T09:33:07Z">
          <params>
            <param index="0">
              <value>
                <![CDATA[John]]>
              </value>
            </param>
            <param index="1">
              <value>
                <![CDATA[20]]>
              </value>
            </param>
            <param index="2">
              <value>
                <![CDATA[38000]]>
              </value>
            </param>
          </params>
          <exception class="java.lang.NullPointerException">
            <full-stacktrace>
              <![CDATA[java.lang.NullPointerException
at EmployeesApiTests.DummyRestEmployeesApiTest.validateUpdateEmployeeApi(DummyRestEmployeesApiTest.java:55)
at sun.reflect.NativeMethodAccessorImpl.invoke0(Native Method)
at sun.reflect.NativeMethodAccessorImpl.invoke(NativeMethodAccessorImpl.java:62)
at sun.reflect.DelegatingMethodAccessorImpl.invoke(DelegatingMethodAccessorImpl.java:43)
at java.lang.reflect.Method.invoke(Method.java:498)
at org.testng.internal.MethodInvocationHelper.invokeMethod(MethodInvocationHelper.java:124)
at org.testng.internal.Invoker.invokeMethod(Invoker.java:583)
at org.testng.internal.Invoker.invokeTestMethod(Invoker.java:719)
at org.testng.internal.Invoker.invokeTestMethods(Invoker.java:989)
at org.testng.internal.TestMethodWorker.invokeTestMethods(TestMethodWorker.java:125)
at org.testng.internal.TestMethodWorker.run(TestMethodWorker.java:109)
at org.testng.TestRunner.privateRun(TestRunner.java:648)
at org.testng.TestRunner.run(TestRunner.java:505)
at org.testng.SuiteRunner.runTest(SuiteRunner.java:455)
at org.testng.SuiteRunner.runSequentially(SuiteRunner.java:450)
at org.testng.SuiteRunner.privateRun(SuiteRunner.java:415)
at org.testng.SuiteRunner.run(SuiteRunner.java:364)
at org.testng.SuiteRunnerWorker.runSuite(SuiteRunnerWorker.java:52)
at org.testng.SuiteRunnerWorker.run(SuiteRunnerWorker.java:84)
at org.testng.TestNG.runSuitesSequentially(TestNG.java:1208)
at org.testng.TestNG.runSuitesLocally(TestNG.java:1137)
at org.testng.TestNG.runSuites(TestNG.java:1049)
at org.testng.TestNG.run(TestNG.java:1017)
at org.gradle.api.internal.tasks.testing.testng.TestNGTestClassProcessor.runTests(TestNGTestClassProcessor.java:139)
at org.gradle.api.internal.tasks.testing.testng.TestNGTestClassProcessor.stop(TestNGTestClassProcessor.java:89)
at org.gradle.api.internal.tasks.testing.SuiteTestClassProcessor.stop(SuiteTestClassProcessor.java:61)
at sun.reflect.NativeMethodAccessorImpl.invoke0(Native Method)
at sun.reflect.NativeMethodAccessorImpl.invoke(NativeMethodAccessorImpl.java:62)
at sun.reflect.DelegatingMethodAccessorImpl.invoke(DelegatingMethodAccessorImpl.java:43)
at java.lang.reflect.Method.invoke(Method.java:498)
at org.gradle.internal.dispatch.ReflectionDispatch.dispatch(ReflectionDispatch.java:35)
at org.gradle.internal.dispatch.ReflectionDispatch.dispatch(ReflectionDispatch.java:24)
at org.gradle.internal.dispatch.ContextClassLoaderDispatch.dispatch(ContextClassLoaderDispatch.java:32)
at org.gradle.internal.dispatch.ProxyDispatchAdapter$DispatchingInvocationHandler.invoke(ProxyDispatchAdapter.java:93)
at com.sun.proxy.$Proxy2.stop(Unknown Source)
at org.gradle.api.internal.tasks.testing.worker.TestWorker.stop(TestWorker.java:131)
at sun.reflect.NativeMethodAccessorImpl.invoke0(Native Method)
at sun.reflect.NativeMethodAccessorImpl.invoke(NativeMethodAccessorImpl.java:62)
at sun.reflect.DelegatingMethodAccessorImpl.invoke(DelegatingMethodAccessorImpl.java:43)
at java.lang.reflect.Method.invoke(Method.java:498)
at org.gradle.internal.dispatch.ReflectionDispatch.dispatch(ReflectionDispatch.java:35)
at org.gradle.internal.dispatch.ReflectionDispatch.dispatch(ReflectionDispatch.java:24)
at org.gradle.internal.remote.internal.hub.MessageHubBackedObjectConnection$DispatchWrapper.dispatch(MessageHubBackedObjectConnection.java:155)
at org.gradle.internal.remote.internal.hub.MessageHubBackedObjectConnection$DispatchWrapper.dispatch(MessageHubBackedObjectConnection.java:137)
at org.gradle.internal.remote.internal.hub.MessageHub$Handler.run(MessageHub.java:404)
at org.gradle.internal.concurrent.ExecutorPolicy$CatchAndRecordFailures.onExecute(ExecutorPolicy.java:63)
at org.gradle.internal.concurrent.ManagedExecutorImpl$1.run(ManagedExecutorImpl.java:46)
at java.util.concurrent.ThreadPoolExecutor.runWorker(ThreadPoolExecutor.java:1149)
at java.util.concurrent.ThreadPoolExecutor$Worker.run(ThreadPoolExecutor.java:624)
at org.gradle.internal.concurrent.ThreadFactoryImpl$ManagedThreadRunnable.run(ThreadFactoryImpl.java:55)
at java.lang.Thread.run(Thread.java:748)
]]>
            </full-stacktrace>
          </exception> <!-- java.lang.NullPointerException -->
          <reporter-output>
            <line>
              <![CDATA[Update Api URL http://dummy.restapiexample.com/api/v1/update/3]]>
            </line>
            <line>
              <![CDATA[Api Status is 200]]>
            </line>
            <line>
              <![CDATA[Update Employee data api response is {"status":"success","data":null}]]>
            </line>
            <line>
              <![CDATA[Post user api response isUpdateEmployeeDataRoot(data=null, status=success)]]>
            </line>
          </reporter-output>
        </test-method> <!-- validateUpdateEmployeeApi -->
      </class> <!-- EmployeesApiTests.DummyRestEmployeesApiTest -->
    </test> <!-- Gradle test -->
  </suite> <!-- Gradle suite -->
</testng-results>
